SF:lib\core\api\dio_client.dart
DA:16,4
DA:17,4
DA:19,8
DA:21,4
DA:24,1
DA:25,1
DA:27,1
DA:31,0
DA:33,0
DA:39,8
DA:40,4
DA:41,4
DA:42,4
DA:48,1
DA:49,1
DA:54,1
DA:60,2
DA:61,4
DA:62,3
DA:65,1
DA:66,1
DA:69,1
DA:70,1
DA:71,1
DA:72,4
DA:78,0
DA:84,0
DA:85,0
DA:86,0
DA:89,0
DA:90,0
DA:93,0
DA:94,0
DA:95,0
DA:96,0
LF:35
LH:23
end_of_record
SF:lib\core\api\dio_interceptor.dart
DA:8,0
DA:11,0
DA:14,0
DA:15,0
DA:16,0
DA:22,0
DA:23,0
DA:25,0
DA:32,0
DA:39,0
DA:42,0
DA:44,0
DA:45,0
DA:46,0
DA:54,0
DA:57,0
DA:60,0
DA:63,0
DA:64,0
DA:66,0
DA:72,0
LF:21
LH:0
end_of_record
SF:lib\core\api\list_api.dart
DA:2,0
LF:1
LH:0
end_of_record
SF:lib\dependencies_injection.dart
DA:7,12
DA:9,4
DA:12,4
DA:13,8
DA:15,8
DA:16,12
DA:17,4
DA:18,4
DA:19,4
DA:20,4
DA:22,0
DA:23,0
DA:24,0
DA:25,0
DA:26,0
DA:31,4
DA:32,8
DA:33,0
DA:37,4
DA:38,8
DA:39,0
DA:43,4
DA:45,8
DA:48,4
DA:50,8
LF:25
LH:18
end_of_record
SF:lib\core\app_route.dart
DA:21,0
DA:23,0
DA:27,0
DA:28,0
DA:29,0
DA:30,0
DA:31,0
DA:32,0
DA:34,0
DA:35,0
DA:36,0
DA:37,0
DA:38,0
DA:39,0
DA:40,0
DA:41,0
DA:42,0
DA:49,0
DA:52,0
DA:53,0
LF:20
LH:0
end_of_record
SF:lib\core\error\failure.dart
DA:3,4
DA:9,3
DA:11,1
DA:13,4
DA:15,0
DA:16,0
DA:20,1
DA:21,1
DA:23,0
DA:28,0
DA:29,0
DA:31,0
LF:12
LH:6
end_of_record
SF:lib\core\resources\dimens.dart
DA:4,0
DA:6,0
DA:7,0
DA:8,0
DA:9,0
DA:10,0
DA:11,0
DA:12,0
DA:13,0
DA:14,0
DA:15,0
DA:16,0
DA:17,0
DA:18,0
DA:20,0
DA:21,0
DA:22,3
DA:23,0
DA:24,3
DA:25,3
DA:26,3
DA:27,3
DA:28,3
DA:29,0
DA:30,0
DA:31,0
DA:32,0
DA:33,0
DA:35,0
DA:36,0
DA:37,0
DA:38,0
DA:39,0
DA:40,0
DA:41,0
DA:42,0
DA:44,0
DA:45,0
DA:46,0
DA:47,0
DA:48,0
DA:50,0
DA:51,0
LF:43
LH:6
end_of_record
SF:lib\core\resources\palette.dart
DA:55,0
LF:1
LH:0
end_of_record
SF:lib\core\resources\styles.dart
DA:6,0
DA:14,0
DA:18,0
DA:19,0
DA:20,0
DA:23,0
DA:24,0
DA:27,0
DA:28,0
DA:31,0
DA:32,0
DA:35,0
DA:36,0
DA:39,0
DA:40,0
DA:43,0
DA:44,0
DA:47,0
DA:48,0
DA:51,0
DA:52,0
DA:55,0
DA:56,0
DA:59,0
DA:60,0
DA:63,0
DA:64,0
DA:67,0
DA:68,0
DA:73,0
DA:74,0
DA:77,0
DA:83,0
DA:90,0
DA:94,0
DA:99,0
DA:100,0
DA:102,0
DA:103,0
DA:104,0
DA:105,0
DA:108,0
DA:109,0
DA:112,0
DA:113,0
DA:116,0
DA:117,0
DA:120,0
DA:121,0
DA:124,0
DA:125,0
DA:128,0
DA:129,0
DA:132,0
DA:133,0
DA:136,0
DA:137,0
DA:140,0
DA:141,0
DA:144,0
DA:145,0
DA:148,0
DA:149,0
DA:152,0
DA:153,0
DA:158,0
DA:159,0
DA:162,0
DA:168,0
DA:176,0
DA:180,0
DA:182,0
DA:188,0
DA:194,0
DA:200,0
DA:209,0
DA:219,0
LF:77
LH:0
end_of_record
SF:lib\core\widgets\empty.dart
DA:7,8
DA:9,1
DA:11,1
DA:13,1
DA:14,1
DA:15,2
LF:6
LH:6
end_of_record
SF:lib\core\widgets\loading.dart
DA:7,7
DA:11,1
DA:13,1
DA:14,1
DA:16,1
DA:21,1
DA:22,1
DA:23,1
DA:24,2
DA:25,3
LF:10
LH:10
end_of_record
SF:lib\utils\helper\constant.dart
DA:2,1
DA:4,3
LF:2
LH:2
end_of_record
SF:lib\core\widgets\parent.dart
DA:15,1
DA:29,1
DA:30,1
DA:34,1
DA:36,1
DA:37,0
DA:38,1
DA:39,2
DA:40,2
DA:41,2
DA:42,2
DA:43,2
DA:44,2
DA:45,2
DA:46,2
DA:47,2
DA:48,2
LF:17
LH:16
end_of_record
SF:lib\features\articles\data\datasources\article_remote_datasources.dart
DA:12,1
DA:14,1
DA:17,2
DA:19,1
DA:20,1
DA:21,1
LF:6
LH:6
end_of_record
SF:lib\features\articles\data\models\articles_response.dart
DA:14,6
DA:16,6
DA:17,6
DA:19,4
DA:20,4
DA:21,4
DA:22,8
DA:23,4
DA:24,4
DA:25,4
DA:26,4
DA:29,4
DA:31,4
DA:32,4
DA:47,6
DA:48,6
LF:16
LH:16
end_of_record
SF:lib\features\articles\data\models\articles_response.g.dart
DA:9,6
DA:10,6
DA:11,6
DA:12,6
DA:13,18
DA:14,6
DA:17,1
DA:18,1
DA:19,1
DA:20,1
DA:23,12
DA:24,6
DA:25,6
DA:26,6
DA:27,6
DA:30,0
DA:31,0
DA:32,0
DA:33,0
DA:34,0
DA:35,0
LF:21
LH:15
end_of_record
SF:lib\features\articles\data\repositories\articles_repository_impl.dart
DA:9,1
DA:11,1
DA:13,2
DA:15,1
DA:16,2
DA:17,1
DA:18,2
DA:19,0
DA:21,2
LF:9
LH:8
end_of_record
SF:lib\features\articles\domain\usecases\get_articles.dart
DA:12,1
DA:14,1
DA:16,2
DA:23,0
DA:24,0
LF:5
LH:3
end_of_record
SF:lib\features\articles\domain\usecases\get_articles.g.dart
DA:9,0
DA:10,0
DA:12,1
DA:13,1
LF:4
LH:2
end_of_record
SF:lib\features\articles\pages\dashboard\cubit\articles_cubit.dart
DA:11,2
DA:14,1
DA:16,1
DA:19,1
DA:20,1
DA:23,1
DA:24,1
DA:25,2
DA:26,1
DA:27,1
DA:28,1
DA:29,3
DA:30,0
DA:31,0
DA:34,3
LF:15
LH:13
end_of_record
SF:lib\features\articles\pages\dashboard\dashboard_page.dart
DA:8,8
DA:10,1
DA:11,1
DA:17,1
DA:19,1
DA:22,1
DA:24,1
DA:25,1
DA:26,3
DA:27,0
DA:28,0
DA:30,0
DA:31,0
DA:33,1
DA:34,1
DA:35,1
DA:36,1
DA:37,1
DA:38,3
DA:39,1
DA:40,2
DA:41,2
DA:42,1
DA:43,3
DA:44,1
DA:45,1
DA:46,1
DA:47,1
DA:49,1
DA:50,1
DA:51,1
DA:53,1
DA:54,1
DA:55,1
DA:57,1
DA:58,1
DA:62,1
DA:64,1
DA:67,1
DA:68,1
DA:69,3
DA:72,1
DA:73,1
DA:78,1
DA:79,1
DA:81,1
DA:82,3
DA:85,1
DA:86,1
DA:91,1
DA:92,1
DA:94,1
DA:99,1
DA:100,1
DA:101,1
DA:102,1
DA:103,1
DA:106,1
DA:109,1
DA:110,3
DA:111,1
DA:112,1
DA:122,1
DA:123,1
DA:124,1
DA:132,0
DA:133,0
DA:141,3
DA:142,1
LF:69
LH:63
end_of_record
SF:lib\features\general\pages\main\main_page.dart
DA:6,0
DA:10,0
DA:11,0
DA:17,0
DA:19,0
DA:20,0
DA:21,0
DA:22,0
DA:23,0
DA:26,0
DA:30,0
DA:31,0
DA:33,0
DA:37,0
DA:38,0
DA:39,0
DA:40,0
DA:41,0
DA:42,0
DA:44,0
DA:45,0
DA:47,0
DA:50,0
DA:51,0
LF:24
LH:0
end_of_record
SF:lib\utils\helper\common.dart
DA:3,0
DA:4,0
LF:2
LH:0
end_of_record
SF:lib\utils\helper\go_router_refresh_stream.dart
DA:6,0
DA:7,0
DA:8,0
DA:9,0
DA:15,0
DA:17,0
DA:18,0
LF:7
LH:0
end_of_record
